<?xml version="1.0" encoding="UTF-8"?>
<!-- Generated by org.testng.reporters.JUnitReportReporter -->
<testsuite skipped="0" hostname="LAPTOP-NJ2RUBPG" name="com.training.sanity.tests.NLoginTests" tests="1" failures="0" timestamp="12 Feb 2019 12:49:17 GMT" time="35.450" errors="0">
  <testcase name="validLoginTest" time="35.450" classname="com.training.sanity.tests.NLoginTests"/>
</testsuite> <!-- com.training.sanity.tests.NLoginTests -->
