<?xml version="1.0" encoding="UTF-8"?>
<!-- Generated by org.testng.reporters.JUnitReportReporter -->
<testsuite skipped="0" hostname="LAPTOP-NJ2RUBPG" name="com.training.sanity.tests.ViewAddedUserTests" tests="1" failures="0" timestamp="25 Feb 2019 05:23:05 GMT" time="51.669" errors="0">
  <testcase name="validLoginTest" time="51.669" classname="com.training.sanity.tests.ViewAddedUserTests"/>
</testsuite> <!-- com.training.sanity.tests.ViewAddedUserTests -->
