<?xml version="1.0" encoding="UTF-8"?>
<!-- Generated by org.testng.reporters.JUnitReportReporter -->
<testsuite skipped="0" hostname="LAPTOP-NJ2RUBPG" name="com.training.sanity.tests.RegisterExcelTests" tests="2" failures="0" timestamp="28 Feb 2019 11:59:57 GMT" time="57.732" errors="0">
  <testcase name="loginDBTest" time="28.995" classname="com.training.sanity.tests.RegisterExcelTests"/>
  <testcase name="loginDBTest" time="28.737" classname="com.training.sanity.tests.RegisterExcelTests"/>
</testsuite> <!-- com.training.sanity.tests.RegisterExcelTests -->
