<?xml version="1.0" encoding="UTF-8"?>
<!-- Generated by org.testng.reporters.JUnitReportReporter -->
<testsuite skipped="0" hostname="LAPTOP-NJ2RUBPG" name="com.training.sanity.tests.NewLaunchTests" tests="1" failures="0" timestamp="25 Feb 2019 12:07:31 GMT" time="31.807" errors="0">
  <testcase name="validLoginTest" time="31.807" classname="com.training.sanity.tests.NewLaunchTests"/>
</testsuite> <!-- com.training.sanity.tests.NewLaunchTests -->
