<?xml version="1.0" encoding="UTF-8"?>
<!-- Generated by org.testng.reporters.JUnitReportReporter -->
<testsuite skipped="0" hostname="LAPTOP-NJ2RUBPG" name="com.training.sanity.tests.LoginTests" tests="1" failures="0" timestamp="27 Feb 2019 06:16:12 GMT" time="43.502" errors="0">
  <testcase name="validLoginTest" time="43.502" classname="com.training.sanity.tests.LoginTests"/>
</testsuite> <!-- com.training.sanity.tests.LoginTests -->
