<?xml version="1.0" encoding="UTF-8"?>
<!-- Generated by org.testng.reporters.JUnitReportReporter -->
<testsuite skipped="0" hostname="LAPTOP-NJ2RUBPG" name="com.training.sanity.tests.ChangeProfileTests" tests="1" failures="0" timestamp="14 Feb 2019 04:47:16 GMT" time="44.565" errors="0">
  <testcase name="validLoginTest" time="44.565" classname="com.training.sanity.tests.ChangeProfileTests"/>
</testsuite> <!-- com.training.sanity.tests.ChangeProfileTests -->
