<?xml version="1.0" encoding="UTF-8"?>
<!-- Generated by org.testng.reporters.JUnitReportReporter -->
<testsuite skipped="0" hostname="LAPTOP-NJ2RUBPG" name="com.training.sanity.tests.NRegisterTests" tests="1" failures="0" timestamp="13 Feb 2019 09:06:12 GMT" time="71.297" errors="0">
  <testcase name="validRegisterTest" time="71.297" classname="com.training.sanity.tests.NRegisterTests"/>
</testsuite> <!-- com.training.sanity.tests.NRegisterTests -->
