<?xml version="1.0" encoding="UTF-8"?>
<!-- Generated by org.testng.reporters.JUnitReportReporter -->
<testsuite skipped="0" hostname="LAPTOP-NJ2RUBPG" name="com.training.regression.tests.RegisterDBTest" tests="1" failures="0" timestamp="07 Mar 2019 05:02:39 GMT" time="22.709" errors="0">
  <testcase name="registerTest" time="22.709" classname="com.training.regression.tests.RegisterDBTest"/>
</testsuite> <!-- com.training.regression.tests.RegisterDBTest -->
