<?xml version="1.0" encoding="UTF-8"?>
<!-- Generated by org.testng.reporters.JUnitReportReporter -->
<testsuite skipped="0" hostname="LAPTOP-NJ2RUBPG" name="com.training.sanity.tests.ResetPasswordTests" tests="1" failures="0" timestamp="18 Feb 2019 10:17:27 GMT" time="25.505" errors="0">
  <testcase name="validLoginTest" time="25.505" classname="com.training.sanity.tests.ResetPasswordTests"/>
</testsuite> <!-- com.training.sanity.tests.ResetPasswordTests -->
