<?xml version="1.0" encoding="UTF-8"?>
<!-- Generated by org.testng.reporters.JUnitReportReporter -->
<testsuite skipped="0" hostname="LAPTOP-NJ2RUBPG" name="com.training.sanity.tests.ChangePasswordTests" tests="1" failures="0" timestamp="18 Feb 2019 08:23:22 GMT" time="29.141" errors="0">
  <testcase name="validRegisterTest" time="29.141" classname="com.training.sanity.tests.ChangePasswordTests"/>
</testsuite> <!-- com.training.sanity.tests.ChangePasswordTests -->
